<?xml version="1.0" encoding="UTF-8"?>
<testng-results ignored="0" total="1" passed="1" failed="0" skipped="0">
  <reporter-output>
    <line>
      <![CDATA[Extent Report DirectoryC:\Users\temp\IdeaProjects\Group3Project\amazon\target\surefire-reports\html]]>
    </line>
  </reporter-output>
  <suite started-at="2020-11-24T16:06:47 EST" name="Selenium Test Suite" finished-at="2020-11-24T16:06:59 EST" duration-ms="11530">
    <groups>
    </groups>
    <test started-at="2020-11-24T16:06:47 EST" name="Automation tests" finished-at="2020-11-24T16:06:59 EST" duration-ms="11530">
      <class name="com.amazontest.HomePageValidations">
        <test-method is-config="true" signature="extentSetup(org.testng.ITestContext)[pri:0, instance:com.amazontest.HomePageValidations@e383572]" started-at="2020-11-24T16:06:47 EST" name="extentSetup" finished-at="2020-11-24T16:06:47 EST" duration-ms="145" status="PASS">
          <params>
            <param index="0">
              <value>
                <![CDATA[org.testng.TestRunner@2f2d52ef]]>
              </value>
            </param>
          </params>
          <reporter-output>
            <line>
              <![CDATA[Extent Report DirectoryC:\Users\temp\IdeaProjects\Group3Project\amazon\target\surefire-reports\html]]>
            </line>
          </reporter-output>
        </test-method> <!-- extentSetup -->
        <test-method is-config="true" signature="setupDriver(java.lang.String, java.lang.String, java.lang.String, boolean, java.lang.String, java.lang.String)[pri:0, instance:com.amazontest.HomePageValidations@e383572]" started-at="2020-11-24T16:06:47 EST" name="setupDriver" finished-at="2020-11-24T16:06:57 EST" duration-ms="9146" status="PASS">
          <params>
            <param index="0">
              <value>
                <![CDATA[windows]]>
              </value>
            </param>
            <param index="1">
              <value>
                <![CDATA[https://www.amazon.com]]>
              </value>
            </param>
            <param index="2">
              <value>
                <![CDATA[chrome]]>
              </value>
            </param>
            <param index="3">
              <value>
                <![CDATA[false]]>
              </value>
            </param>
            <param index="4">
              <value>
                <![CDATA[85.0]]>
              </value>
            </param>
            <param index="5">
              <value>
                <![CDATA[browserstack]]>
              </value>
            </param>
          </params>
          <reporter-output>
          </reporter-output>
        </test-method> <!-- setupDriver -->
        <test-method is-config="true" signature="startExtent(java.lang.reflect.Method)[pri:0, instance:com.amazontest.HomePageValidations@e383572]" started-at="2020-11-24T16:06:57 EST" name="startExtent" finished-at="2020-11-24T16:06:57 EST" duration-ms="6" status="PASS">
          <params>
            <param index="0">
              <value>
                <![CDATA[public void com.amazontest.HomePageValidations.validateUserBeingAbleToTypeOnSearchBar()]]>
              </value>
            </param>
          </params>
          <reporter-output>
          </reporter-output>
        </test-method> <!-- startExtent -->
        <test-method signature="validateUserBeingAbleToTypeOnSearchBar()[pri:0, instance:com.amazontest.HomePageValidations@e383572]" started-at="2020-11-24T16:06:57 EST" name="validateUserBeingAbleToTypeOnSearchBar" finished-at="2020-11-24T16:06:57 EST" duration-ms="428" status="PASS">
          <reporter-output>
          </reporter-output>
        </test-method> <!-- validateUserBeingAbleToTypeOnSearchBar -->
        <test-method is-config="true" signature="afterEachTestMethod(org.testng.ITestResult)[pri:0, instance:com.amazontest.HomePageValidations@e383572]" started-at="2020-11-24T16:06:57 EST" name="afterEachTestMethod" finished-at="2020-11-24T16:06:58 EST" duration-ms="849" status="PASS">
          <params>
            <param index="0">
              <value>
                <![CDATA[[TestResult name=validateUserBeingAbleToTypeOnSearchBar status=SUCCESS method=HomePageValidations.validateUserBeingAbleToTypeOnSearchBar()[pri:0, instance:com.amazontest.HomePageValidations@e383572] output={null}]]]>
              </value>
            </param>
          </params>
          <reporter-output>
          </reporter-output>
        </test-method> <!-- afterEachTestMethod -->
        <test-method is-config="true" signature="cleanUp()[pri:0, instance:com.amazontest.HomePageValidations@e383572]" started-at="2020-11-24T16:06:58 EST" name="cleanUp" finished-at="2020-11-24T16:06:59 EST" duration-ms="1066" status="PASS">
          <reporter-output>
          </reporter-output>
        </test-method> <!-- cleanUp -->
        <test-method is-config="true" signature="generateReport()[pri:0, instance:com.amazontest.HomePageValidations@e383572]" started-at="2020-11-24T16:06:59 EST" name="generateReport" finished-at="2020-11-24T16:06:59 EST" duration-ms="87" status="PASS">
          <reporter-output>
          </reporter-output>
        </test-method> <!-- generateReport -->
      </class> <!-- com.amazontest.HomePageValidations -->
    </test> <!-- Automation tests -->
  </suite> <!-- Selenium Test Suite -->
</testng-results>
